<?xml version="1.0" encoding="UTF-8"?>
<testsuite xmlns:xsi="http://www.w3.org/2001/XMLSchema-instance" xsi:noNamespaceSchemaLocation="https://maven.apache.org/surefire/maven-surefire-plugin/xsd/surefire-test-report-3.0.xsd" version="3.0" name="TestSuite" time="95.738" tests="2" errors="0" skipped="0" failures="0">
  <properties>
[...]
</properties>
  <testcase name="verifyLogin" classname="nopComm.LoginTest" time="31.855">
    <system-out><![CDATA[ INFO [main] (BaseTest.java:60)- launching application
 INFO [main] (BaseTest.java:67)- Application URL: https://admin-demo.nopcommerce.com/login?ReturnUrl=%2Fadmin%2F
 INFO [main] (BaseTest.java:71)- Application launched successfully into chrome browser https://admin-demo.nopcommerce.com/login?ReturnUrl=%2Fadmin%2F
 INFO [main] (LoginTest.java:46)- clear the username field
 WARN [main] (LoginTest.java:47)- clear the username field
ERROR [main] (LoginTest.java:48)- clear the username field
 INFO [main] (LoginTest.java:51)- enter email id: admin@yourstore.com
 INFO [main] (LoginTest.java:54)- clear the password field
 INFO [main] (LoginTest.java:56)- enter password id: admin
 INFO [main] (LoginTest.java:59)- Click on Login button
 INFO [main] (LoginTest.java:64)- after sucessful login, application title: Dashboard / nopCommerce administration
 INFO [main] (LoginTest.java:71)- Click on Customer Menu
 INFO [main] (LoginTest.java:74)- Click on Customer Menu items
 INFO [main] (LoginTest.java:81)- after click on Customer menu item, application title: Customers / nopCommerce administration
 INFO [main] (LoginTest.java:84)- Click on Logout
]]></system-out>
    <system-err><![CDATA[SLF4J: Failed to load class "org.slf4j.impl.StaticLoggerBinder".
SLF4J: Defaulting to no-operation (NOP) logger implementation
SLF4J: See http://www.slf4j.org/codes.html#StaticLoggerBinder for further details.
ERROR StatusLogger Log4j2 could not find a logging implementation. Please add log4j-core to the classpath. Using SimpleLogger to log to the console...
Starting ChromeDriver 107.0.5304.62 (1eec40d3a5764881c92085aaee66d25075c159aa-refs/branch-heads/5304@{#942}) on port 15604
Only local connections are allowed.
Please see https://chromedriver.chromium.org/security-considerations for suggestions on keeping ChromeDriver safe.
ChromeDriver was started successfully.
]]></system-err>
  </testcase>
  <testcase name="verifyLogin" classname="nopComm.LoginTest" time="30.063">
    <system-out><![CDATA[ INFO [main] (BaseTest.java:82)- Closing application
 INFO [main] (BaseTest.java:60)- launching application
 INFO [main] (BaseTest.java:67)- Application URL: https://admin-demo.nopcommerce.com/login?ReturnUrl=%2Fadmin%2F
 INFO [main] (BaseTest.java:71)- Application launched successfully into chrome browser https://admin-demo.nopcommerce.com/login?ReturnUrl=%2Fadmin%2F
 INFO [main] (LoginTest.java:46)- clear the username field
 WARN [main] (LoginTest.java:47)- clear the username field
ERROR [main] (LoginTest.java:48)- clear the username field
 INFO [main] (LoginTest.java:51)- enter email id: admin@yourstore.com
 INFO [main] (LoginTest.java:54)- clear the password field
 INFO [main] (LoginTest.java:56)- enter password id: admin
 INFO [main] (LoginTest.java:59)- Click on Login button
 INFO [main] (LoginTest.java:64)- after sucessful login, application title: Dashboard / nopCommerce administration
 INFO [main] (LoginTest.java:71)- Click on Customer Menu
 INFO [main] (LoginTest.java:74)- Click on Customer Menu items
 INFO [main] (LoginTest.java:81)- after click on Customer menu item, application title: Customers / nopCommerce administration
 INFO [main] (LoginTest.java:84)- Click on Logout
]]></system-out>
    <system-err><![CDATA[[1670497613.889][WARNING]: Timed out connecting to Chrome, retrying...
[1670497622.001][WARNING]: Timed out connecting to Chrome, retrying...
Starting ChromeDriver 107.0.5304.62 (1eec40d3a5764881c92085aaee66d25075c159aa-refs/branch-heads/5304@{#942}) on port 42783
Only local connections are allowed.
Please see https://chromedriver.chromium.org/security-considerations for suggestions on keeping ChromeDriver safe.
ChromeDriver was started successfully.
]]></system-err>
  </testcase>
</testsuite>