<?xml version="1.0" encoding="UTF-8"?>
<testng-results ignored="0" total="2" passed="2" failed="0" skipped="0">
  <reporter-output>
  </reporter-output>
  <suite started-at="2022-12-08T03:06:08 PST" name="Suite" finished-at="2022-12-08T03:07:43 PST" duration-ms="95137">
    <groups>
    </groups>
    <test started-at="2022-12-08T03:06:08 PST" name="ChromeTest" finished-at="2022-12-08T03:07:06 PST" duration-ms="57636">
      <class name="nopComm.LoginTest">
        <test-method is-config="true" signature="launchApp(java.lang.String)[pri:0, instance:nopComm.LoginTest@5939a379]" started-at="2022-12-08T03:06:08 PST" name="launchApp" finished-at="2022-12-08T03:06:12 PST" duration-ms="4418" status="PASS">
          <params>
            <param index="0">
              <value>
                <![CDATA[chrome]]>
              </value>
            </param>
          </params>
          <reporter-output>
          </reporter-output>
        </test-method> <!-- launchApp -->
        <test-method signature="verifyLogin()[pri:0, instance:nopComm.LoginTest@5939a379]" started-at="2022-12-08T03:06:12 PST" name="verifyLogin" finished-at="2022-12-08T03:06:44 PST" duration-ms="31897" status="PASS">
          <reporter-output>
          </reporter-output>
        </test-method> <!-- verifyLogin -->
        <test-method is-config="true" signature="closeApp()[pri:0, instance:nopComm.LoginTest@5939a379]" started-at="2022-12-08T03:06:44 PST" name="closeApp" finished-at="2022-12-08T03:07:06 PST" duration-ms="21288" status="PASS">
          <reporter-output>
          </reporter-output>
        </test-method> <!-- closeApp -->
      </class> <!-- nopComm.LoginTest -->
    </test> <!-- ChromeTest -->
    <test started-at="2022-12-08T03:07:06 PST" name="EdgeTest" finished-at="2022-12-08T03:07:43 PST" duration-ms="37484">
      <class name="nopComm.LoginTest">
        <test-method is-config="true" signature="launchApp(java.lang.String)[pri:0, instance:nopComm.LoginTest@3a6bb9bf]" started-at="2022-12-08T03:07:06 PST" name="launchApp" finished-at="2022-12-08T03:07:08 PST" duration-ms="2278" status="PASS">
          <params>
            <param index="0">
              <value>
                <![CDATA[edge]]>
              </value>
            </param>
          </params>
          <reporter-output>
          </reporter-output>
        </test-method> <!-- launchApp -->
        <test-method signature="verifyLogin()[pri:0, instance:nopComm.LoginTest@3a6bb9bf]" started-at="2022-12-08T03:07:08 PST" name="verifyLogin" finished-at="2022-12-08T03:07:38 PST" duration-ms="30090" status="PASS">
          <reporter-output>
          </reporter-output>
        </test-method> <!-- verifyLogin -->
        <test-method is-config="true" signature="closeApp()[pri:0, instance:nopComm.LoginTest@3a6bb9bf]" started-at="2022-12-08T03:07:38 PST" name="closeApp" finished-at="2022-12-08T03:07:43 PST" duration-ms="5110" status="PASS">
          <reporter-output>
          </reporter-output>
        </test-method> <!-- closeApp -->
      </class> <!-- nopComm.LoginTest -->
    </test> <!-- EdgeTest -->
  </suite> <!-- Suite -->
</testng-results>
